<?xml version="1.0" encoding="UTF-8"?>
<testng-results ignored="0" total="1" passed="1" failed="0" skipped="0">
  <reporter-output>
  </reporter-output>
  <suite started-at="2023-05-02T13:13:58 IST" name="Suite" finished-at="2023-05-02T13:14:49 IST" duration-ms="50935">
    <groups>
    </groups>
    <test started-at="2023-05-02T13:13:58 IST" name="Test" finished-at="2023-05-02T13:14:49 IST" duration-ms="50935">
      <class name="browserstock.stack">
        <test-method signature="test(java.lang.String)[pri:0, instance:browserstock.stack@1bd4fdd]" started-at="2023-05-02T13:13:58 IST" name="test" finished-at="2023-05-02T13:14:49 IST" duration-ms="50864" status="PASS">
          <params>
            <param index="0">
              <value>
                <![CDATA[samsung]]>
              </value>
            </param>
          </params>
          <reporter-output>
          </reporter-output>
        </test-method> <!-- test -->
      </class> <!-- browserstock.stack -->
    </test> <!-- Test -->
  </suite> <!-- Suite -->
</testng-results>
